# JRE version: Java(TM) SE Runtime Environment (21.0.4+8) (build 21.0.4+8-LTS-274)
# Java VM: Java HotSpot(TM) 64-Bit Server VM (21.0.4+8-LTS-274, mixed mode, sharing, tiered, compressed oops, compressed class ptrs, g1 gc, windows-amd64)
GC Precious Log:
 CardTable entry size: 512
 Card Set container configuration: InlinePtr #cards 4 size 8 Array Of Cards #cards 16 size 48 Howl #buckets 8 coarsen threshold 3686 Howl Bitmap #cards 512 size 80 coarsen threshold 460 Card regions per heap region 1 cards per card region 4096
 CPUs: 8 total, 8 available
 Memory: 16251M
 Large Page Support: Disabled
 NUMA Support: Disabled
 Compressed Oops: Enabled (Zero based)
 Heap Region Size: 2M
 Heap Min Capacity: 8M
 Heap Initial Capacity: 254M
 Heap Max Capacity: 4064M
 Pre-touch: Disabled
 Parallel Workers: 8
 Concurrent Workers: 2
 Concurrent Refinement Workers: 8
 Periodic GC: Disabled
Heap:
 garbage-first heap   total 163840K, used 96261K [0x0000000702000000, 0x0000000800000000)
  region size 2048K, 20 young (40960K), 2 survivors (4096K)
 Metaspace       used 42201K, committed 42752K, reserved 1114112K
  class space    used 4764K, committed 4992K, reserved 1048576K
GC Heap History (14 events):
Event: 0.541 GC heap before
{Heap before GC invocations=0 (full 0):
 garbage-first heap   total 260096K, used 22528K [0x0000000702000000, 0x0000000800000000)
  region size 2048K, 11 young (22528K), 0 survivors (0K)
 Metaspace       used 6012K, committed 6144K, reserved 1114112K
  class space    used 693K, committed 768K, reserved 1048576K
}
Event: 0.547 GC heap after
{Heap after GC invocations=1 (full 0):
 garbage-first heap   total 260096K, used 3938K [0x0000000702000000, 0x0000000800000000)
  region size 2048K, 2 young (4096K), 2 survivors (4096K)
 Metaspace       used 6012K, committed 6144K, reserved 1114112K
  class space    used 693K, committed 768K, reserved 1048576K
}
Event: 1.026 GC heap before
{Heap before GC invocations=1 (full 0):
 garbage-first heap   total 260096K, used 36706K [0x0000000702000000, 0x0000000800000000)
  region size 2048K, 18 young (36864K), 2 survivors (4096K)
 Metaspace       used 9976K, committed 10176K, reserved 1114112K
  class space    used 1176K, committed 1280K, reserved 1048576K
}
Event: 1.030 GC heap after
{Heap after GC invocations=2 (full 0):
 garbage-first heap   total 260096K, used 5309K [0x0000000702000000, 0x0000000800000000)
  region size 2048K, 1 young (2048K), 1 survivors (2048K)
 Metaspace       used 9976K, committed 10176K, reserved 1114112K
  class space    used 1176K, committed 1280K, reserved 1048576K
}
Event: 3.457 GC heap before
{Heap before GC invocations=2 (full 0):
 garbage-first heap   total 260096K, used 160957K [0x0000000702000000, 0x0000000800000000)
  region size 2048K, 75 young (153600K), 1 survivors (2048K)
 Metaspace       used 21150K, committed 21504K, reserved 1114112K
  class space    used 2390K, committed 2560K, reserved 1048576K
}
Event: 3.470 GC heap after
{Heap after GC invocations=3 (full 0):
 garbage-first heap   total 260096K, used 28190K [0x0000000702000000, 0x0000000800000000)
  region size 2048K, 8 young (16384K), 8 survivors (16384K)
 Metaspace       used 21150K, committed 21504K, reserved 1114112K
  class space    used 2390K, committed 2560K, reserved 1048576K
}
Event: 4.988 GC heap before
{Heap before GC invocations=4 (full 0):
 garbage-first heap   total 102400K, used 101918K [0x0000000702000000, 0x0000000800000000)
  region size 2048K, 44 young (90112K), 8 survivors (16384K)
 Metaspace       used 29309K, committed 29760K, reserved 1114112K
  class space    used 3321K, committed 3520K, reserved 1048576K
}
Event: 5.006 GC heap after
{Heap after GC invocations=5 (full 0):
 garbage-first heap   total 135168K, used 40478K [0x0000000702000000, 0x0000000800000000)
  region size 2048K, 8 young (16384K), 8 survivors (16384K)
 Metaspace       used 29309K, committed 29760K, reserved 1114112K
  class space    used 3321K, committed 3520K, reserved 1048576K
}
Event: 6.489 GC heap before
{Heap before GC invocations=5 (full 0):
 garbage-first heap   total 135168K, used 106014K [0x0000000702000000, 0x0000000800000000)
  region size 2048K, 39 young (79872K), 8 survivors (16384K)
 Metaspace       used 32005K, committed 32576K, reserved 1114112K
  class space    used 3638K, committed 3904K, reserved 1048576K
}
Event: 6.508 GC heap after
{Heap after GC invocations=6 (full 0):
 garbage-first heap   total 135168K, used 50713K [0x0000000702000000, 0x0000000800000000)
  region size 2048K, 5 young (10240K), 5 survivors (10240K)
 Metaspace       used 32005K, committed 32576K, reserved 1114112K
  class space    used 3638K, committed 3904K, reserved 1048576K
}
Event: 7.538 GC heap before
{Heap before GC invocations=6 (full 0):
 garbage-first heap   total 135168K, used 106009K [0x0000000702000000, 0x0000000800000000)
  region size 2048K, 32 young (65536K), 5 survivors (10240K)
 Metaspace       used 33041K, committed 33600K, reserved 1114112K
  class space    used 3760K, committed 4032K, reserved 1048576K
}
Event: 7.548 GC heap after
{Heap after GC invocations=7 (full 0):
 garbage-first heap   total 163840K, used 61440K [0x0000000702000000, 0x0000000800000000)
  region size 2048K, 4 young (8192K), 4 survivors (8192K)
 Metaspace       used 33041K, committed 33600K, reserved 1114112K
  class space    used 3760K, committed 4032K, reserved 1048576K
}
Event: 8.233 GC heap before
{Heap before GC invocations=7 (full 0):
 garbage-first heap   total 163840K, used 106496K [0x0000000702000000, 0x0000000800000000)
  region size 2048K, 27 young (55296K), 4 survivors (8192K)
 Metaspace       used 35583K, committed 36096K, reserved 1114112K
  class space    used 3994K, committed 4224K, reserved 1048576K
}
Event: 8.239 GC heap after
{Heap after GC invocations=8 (full 0):
 garbage-first heap   total 163840K, used 61445K [0x0000000702000000, 0x0000000800000000)
  region size 2048K, 2 young (4096K), 2 survivors (4096K)
 Metaspace       used 35583K, committed 36096K, reserved 1114112K
  class space    used 3994K, committed 4224K, reserved 1048576K
}

